<?xml version="1.0" encoding="UTF-8"?>
<!-- Generated by org.testng.reporters.JUnitReportReporter -->
<testsuite hostname="DESKTOP-B23PTQI" failures="0" tests="1" name="Test_m.Blazedemo_regTest" time="3.329" errors="0" timestamp="2024-10-20T13:14:53 IST" skipped="0">
  <testcase classname="Test_m.Blazedemo_regTest" name="test11" time="3.329"/>
  <system-out/>
</testsuite> <!-- Test_m.Blazedemo_regTest -->
